/usr/bin/make -C tcl build
make[1]: Entering directory '/home/john/src/talkie/tcl'
/usr/bin/make -C pa
make[2]: Entering directory '/home/john/src/talkie/tcl/pa'
critcl -pkg pa.tcl
Config:   linux-x86_64-gcc
Build:    linux-x86_64-gcc
Target:   linux-x86_64
Source:   pa.tcl
  (provide pa 1.0)
  (headers:     /usr/include/portaudio.h)
  (libraries:   -lportaudio)
File "pa.tcl", line 216: [34mTcl_Obj *dataObj = Tcl_NewByteArrayObj(buf, got);[0m
File "pa.tcl", line 216: Tcl 9 compatibility warning : [35m(Tcl_Size): Tcl_NewByteArrayObj (InParam)[0m
File "pa.tcl", line 279: [34mTcl_SetObjResult(interp, Tcl_NewIntObj(0));[0m
File "pa.tcl", line 279: Tcl 9 compatibility warning : [35m(Tcl_Size): Tcl_NewIntObj, check if replacement Tcl_NewSizeIntObj is needed[0m
File "pa.tcl", line 291: [34mTcl_Obj *res = Tcl_NewListObj(0, NULL);[0m
File "pa.tcl", line 291: Tcl 9 compatibility warning : [35m(Tcl_Size): Tcl_NewListObj (InParam)[0m
File "pa.tcl", line 295: [34mTcl_DictObjPut(interp, dict, Tcl_NewStringObj("index",-1), Tcl_NewIntObj(i));[0m
File "pa.tcl", line 295: Tcl 9 compatibility warning : [35m(TIP 494): Use TCL_AUTO_LENGTH for string length.[0m
File "pa.tcl", line 295: Tcl 9 compatibility warning : [35m(Tcl_Size): Tcl_NewStringObj (InParam)[0m
File "pa.tcl", line 295: Tcl 9 compatibility warning : [35m(Tcl_Size): Tcl_NewIntObj, check if replacement Tcl_NewSizeIntObj is needed[0m
File "pa.tcl", line 296: [34mTcl_DictObjPut(interp, dict, Tcl_NewStringObj("name",-1), Tcl_NewStringObj(info->name, -1));[0m
File "pa.tcl", line 296: Tcl 9 compatibility warning : [35m(TIP 494): Use TCL_AUTO_LENGTH for string length.[0m
File "pa.tcl", line 296: Tcl 9 compatibility warning : [35m(Tcl_Size): Tcl_NewStringObj (InParam)[0m
File "pa.tcl", line 297: [34mTcl_DictObjPut(interp, dict, Tcl_NewStringObj("maxInputChannels",-1), Tcl_NewIntObj(info->maxInputChannels));[0m
File "pa.tcl", line 297: Tcl 9 compatibility warning : [35m(TIP 494): Use TCL_AUTO_LENGTH for string length.[0m
File "pa.tcl", line 297: Tcl 9 compatibility warning : [35m(Tcl_Size): Tcl_NewStringObj (InParam)[0m
File "pa.tcl", line 297: Tcl 9 compatibility warning : [35m(Tcl_Size): Tcl_NewIntObj, check if replacement Tcl_NewSizeIntObj is needed[0m
File "pa.tcl", line 298: [34mTcl_DictObjPut(interp, dict, Tcl_NewStringObj("defaultSampleRate",-1), Tcl_NewDoubleObj(info->defaultSampleRate));[0m
File "pa.tcl", line 298: Tcl 9 compatibility warning : [35m(TIP 494): Use TCL_AUTO_LENGTH for string length.[0m
File "pa.tcl", line 298: Tcl 9 compatibility warning : [35m(Tcl_Size): Tcl_NewStringObj (InParam)[0m
File "pa.tcl", line 309: [34mTcl_WrongNumArgs(interp, 1, objv, "subcommand ?args?");[0m
File "pa.tcl", line 309: Tcl 9 compatibility warning : [35m(Tcl_Size): Tcl_WrongNumArgs (InParam)[0m
File "pa.tcl", line 324: [34mTcl_SetObjResult(interp, Tcl_NewStringObj("ok",-1));[0m
File "pa.tcl", line 324: Tcl 9 compatibility warning : [35m(TIP 494): Use TCL_AUTO_LENGTH for string length.[0m
File "pa.tcl", line 324: Tcl 9 compatibility warning : [35m(Tcl_Size): Tcl_NewStringObj (InParam)[0m
File "pa.tcl", line 334: [34mTcl_SetObjResult(interp, Tcl_NewStringObj("ok",-1));[0m
File "pa.tcl", line 334: Tcl 9 compatibility warning : [35m(TIP 494): Use TCL_AUTO_LENGTH for string length.[0m
File "pa.tcl", line 334: Tcl 9 compatibility warning : [35m(Tcl_Size): Tcl_NewStringObj (InParam)[0m
File "pa.tcl", line 338: [34mTcl_DictObjPut(interp, d, Tcl_NewStringObj("rate",-1), Tcl_NewDoubleObj(ctx->sampleRate));[0m
File "pa.tcl", line 338: Tcl 9 compatibility warning : [35m(TIP 494): Use TCL_AUTO_LENGTH for string length.[0m
File "pa.tcl", line 338: Tcl 9 compatibility warning : [35m(Tcl_Size): Tcl_NewStringObj (InParam)[0m
File "pa.tcl", line 339: [34mTcl_DictObjPut(interp, d, Tcl_NewStringObj("channels",-1), Tcl_NewIntObj(ctx->channels));[0m
File "pa.tcl", line 339: Tcl 9 compatibility warning : [35m(TIP 494): Use TCL_AUTO_LENGTH for string length.[0m
File "pa.tcl", line 339: Tcl 9 compatibility warning : [35m(Tcl_Size): Tcl_NewStringObj (InParam)[0m
File "pa.tcl", line 339: Tcl 9 compatibility warning : [35m(Tcl_Size): Tcl_NewIntObj, check if replacement Tcl_NewSizeIntObj is needed[0m
File "pa.tcl", line 340: [34mTcl_DictObjPut(interp, d, Tcl_NewStringObj("framesPerBuffer",-1), Tcl_NewIntObj(ctx->framesPerBuffer));[0m
File "pa.tcl", line 340: Tcl 9 compatibility warning : [35m(TIP 494): Use TCL_AUTO_LENGTH for string length.[0m
File "pa.tcl", line 340: Tcl 9 compatibility warning : [35m(Tcl_Size): Tcl_NewStringObj (InParam)[0m
File "pa.tcl", line 340: Tcl 9 compatibility warning : [35m(Tcl_Size): Tcl_NewIntObj, check if replacement Tcl_NewSizeIntObj is needed[0m
File "pa.tcl", line 341: [34mTcl_DictObjPut(interp, d, Tcl_NewStringObj("overflows",-1), Tcl_NewIntObj((int)ctx->overflows));[0m
File "pa.tcl", line 341: Tcl 9 compatibility warning : [35m(TIP 494): Use TCL_AUTO_LENGTH for string length.[0m
File "pa.tcl", line 341: Tcl 9 compatibility warning : [35m(Tcl_Size): Tcl_NewStringObj (InParam)[0m
File "pa.tcl", line 341: Tcl 9 compatibility warning : [35m(Tcl_Size): Tcl_NewIntObj, check if replacement Tcl_NewSizeIntObj is needed[0m
File "pa.tcl", line 342: [34mTcl_DictObjPut(interp, d, Tcl_NewStringObj("underruns",-1), Tcl_NewIntObj((int)ctx->underruns));[0m
File "pa.tcl", line 342: Tcl 9 compatibility warning : [35m(TIP 494): Use TCL_AUTO_LENGTH for string length.[0m
File "pa.tcl", line 342: Tcl 9 compatibility warning : [35m(Tcl_Size): Tcl_NewStringObj (InParam)[0m
File "pa.tcl", line 342: Tcl 9 compatibility warning : [35m(Tcl_Size): Tcl_NewIntObj, check if replacement Tcl_NewSizeIntObj is needed[0m
File "pa.tcl", line 347: [34mTcl_SetObjResult(interp, Tcl_NewStringObj("ok",-1));[0m
File "pa.tcl", line 347: Tcl 9 compatibility warning : [35m(TIP 494): Use TCL_AUTO_LENGTH for string length.[0m
File "pa.tcl", line 347: Tcl 9 compatibility warning : [35m(Tcl_Size): Tcl_NewStringObj (InParam)[0m
File "pa.tcl", line 351: [34mTcl_WrongNumArgs(interp, 2, objv, "setcallback script");[0m
File "pa.tcl", line 351: Tcl 9 compatibility warning : [35m(Tcl_Size): Tcl_WrongNumArgs (InParam)[0m
File "pa.tcl", line 358: [34mTcl_SetObjResult(interp, Tcl_NewStringObj("ok",-1));[0m
File "pa.tcl", line 358: Tcl 9 compatibility warning : [35m(TIP 494): Use TCL_AUTO_LENGTH for string length.[0m
File "pa.tcl", line 358: Tcl 9 compatibility warning : [35m(Tcl_Size): Tcl_NewStringObj (InParam)[0m
File "pa.tcl", line 362: [34mTcl_DictObjPut(interp, d, Tcl_NewStringObj("overflows",-1), Tcl_NewIntObj((int)ctx->overflows));[0m
File "pa.tcl", line 362: Tcl 9 compatibility warning : [35m(TIP 494): Use TCL_AUTO_LENGTH for string length.[0m
File "pa.tcl", line 362: Tcl 9 compatibility warning : [35m(Tcl_Size): Tcl_NewStringObj (InParam)[0m
File "pa.tcl", line 362: Tcl 9 compatibility warning : [35m(Tcl_Size): Tcl_NewIntObj, check if replacement Tcl_NewSizeIntObj is needed[0m
File "pa.tcl", line 363: [34mTcl_DictObjPut(interp, d, Tcl_NewStringObj("underruns",-1), Tcl_NewIntObj((int)ctx->underruns));[0m
File "pa.tcl", line 363: Tcl 9 compatibility warning : [35m(TIP 494): Use TCL_AUTO_LENGTH for string length.[0m
File "pa.tcl", line 363: Tcl 9 compatibility warning : [35m(Tcl_Size): Tcl_NewStringObj (InParam)[0m
File "pa.tcl", line 363: Tcl 9 compatibility warning : [35m(Tcl_Size): Tcl_NewIntObj, check if replacement Tcl_NewSizeIntObj is needed[0m
File "pa.tcl", line 392: [34mif (Tcl_GetIntFromObj(interp, objv[++i], &channels) != TCL_OK) return TCL_ERROR;[0m
File "pa.tcl", line 392: Tcl 9 compatibility warning : [35m(Tcl_Size): Tcl_GetIntFromObj, check if replacement Tcl_GetSizeIntFromObj is needed[0m
File "pa.tcl", line 395: [34mif (Tcl_GetIntFromObj(interp, objv[++i], &framesPerBuffer) != TCL_OK) return TCL_ERROR;[0m
File "pa.tcl", line 395: Tcl 9 compatibility warning : [35m(Tcl_Size): Tcl_GetIntFromObj, check if replacement Tcl_GetSizeIntFromObj is needed[0m
File "pa.tcl", line 493: [34mTcl_Obj *nameObj = Tcl_NewStringObj(namebuf, -1);[0m
File "pa.tcl", line 493: Tcl 9 compatibility warning : [35m(TIP 494): Use TCL_AUTO_LENGTH for string length.[0m
File "pa.tcl", line 493: Tcl 9 compatibility warning : [35m(Tcl_Size): Tcl_NewStringObj (InParam)[0m
File "pa.tcl", line 501: [34mTcl_CreateObjCommand(interp, namebuf, StreamObjCmd, (ClientData)ctx, stream_delete);[0m
File "pa.tcl", line 501: Tcl 9 compatibility warning : [35m(Tcl_Size): Use `Tcl_CreateObjCommand2` for command creation[0m
File "critcl.tcl", line 1598: [34mTcl_CreateObjCommand(interp, "pa::init", PaInitCmd, NULL, NULL);[0m
File "critcl.tcl", line 1598: Tcl 9 compatibility warning : [35m(Tcl_Size): Use `Tcl_CreateObjCommand2` for command creation[0m
File "critcl.tcl", line 1599: [34mTcl_CreateObjCommand(interp, "pa::list_devices", PaListDevicesCmd, NULL, NULL);[0m
File "critcl.tcl", line 1599: Tcl 9 compatibility warning : [35m(Tcl_Size): Use `Tcl_CreateObjCommand2` for command creation[0m
File "critcl.tcl", line 1600: [34mTcl_CreateObjCommand(interp, "pa::open_stream", PaOpenStreamCmd, NULL, NULL);[0m
File "critcl.tcl", line 1600: Tcl 9 compatibility warning : [35m(Tcl_Size): Use `Tcl_CreateObjCommand2` for command creation[0m

Library:  pa.so
  (tcl 8.6)
  (libraries:   -lportaudio)
  Stubs:
    critcl-3.3.1/critcl_c/tcl8.6/tclDecls.h:
      (tclStubsPtr     =>  const TclStubs *tclStubsPtr;)
    critcl-3.3.1/critcl_c/tcl8.6/tclPlatDecls.h:
      (tclPlatStubsPtr =>  const TclPlatStubs *tclPlatStubsPtr;)

Package Placed Into: lib/pa
Done

make[2]: Leaving directory '/home/john/src/talkie/tcl/pa'
/usr/bin/make -C vosk
make[2]: Entering directory '/home/john/src/talkie/tcl/vosk'
critcl -pkg vosk.tcl
Config:   linux-x86_64-gcc
Build:    linux-x86_64-gcc
Target:   linux-x86_64
Source:   vosk.tcl
  (provide vosk 1.0)
  (headers:     ~/.local/include/vosk_api.h)
  (libraries:   -L/home/john/.local/lib)
  (libraries:   -lvosk)
  (libraries:   -lm)
  (libraries:   -lstdc++)
File "vosk.tcl", line 49: [34mreturn Tcl_GetIntFromObj(interp, obj, value);[0m
File "vosk.tcl", line 49: Tcl 9 compatibility warning : [35m(Tcl_Size): Tcl_GetIntFromObj, check if replacement Tcl_GetSizeIntFromObj is needed[0m
File "vosk.tcl", line 99: [34mTcl_WrongNumArgs(interp, 1, objv, "subcommand ?args?");[0m
File "vosk.tcl", line 99: Tcl 9 compatibility warning : [35m(Tcl_Size): Tcl_WrongNumArgs (InParam)[0m
File "vosk.tcl", line 107: [34mTcl_DictObjPut(interp, dict, Tcl_NewStringObj("path", -1),[0m
File "vosk.tcl", line 107: Tcl 9 compatibility warning : [35m(TIP 494): Use TCL_AUTO_LENGTH for string length.[0m
File "vosk.tcl", line 107: Tcl 9 compatibility warning : [35m(Tcl_Size): Tcl_NewStringObj (InParam)[0m
File "vosk.tcl", line 108: [34mTcl_NewStringObj(ctx->model_path, -1));[0m
File "vosk.tcl", line 108: Tcl 9 compatibility warning : [35m(TIP 494): Use TCL_AUTO_LENGTH for string length.[0m
File "vosk.tcl", line 108: Tcl 9 compatibility warning : [35m(Tcl_Size): Tcl_NewStringObj (InParam)[0m
File "vosk.tcl", line 109: [34mTcl_DictObjPut(interp, dict, Tcl_NewStringObj("loaded", -1),[0m
File "vosk.tcl", line 109: Tcl 9 compatibility warning : [35m(TIP 494): Use TCL_AUTO_LENGTH for string length.[0m
File "vosk.tcl", line 109: Tcl 9 compatibility warning : [35m(Tcl_Size): Tcl_NewStringObj (InParam)[0m
File "vosk.tcl", line 177: [34mTcl_Obj *nameObj = Tcl_NewStringObj(namebuf, -1);[0m
File "vosk.tcl", line 177: Tcl 9 compatibility warning : [35m(TIP 494): Use TCL_AUTO_LENGTH for string length.[0m
File "vosk.tcl", line 177: Tcl 9 compatibility warning : [35m(Tcl_Size): Tcl_NewStringObj (InParam)[0m
File "vosk.tcl", line 182: [34mTcl_CreateObjCommand(interp, namebuf, RecognizerObjCmd,[0m
File "vosk.tcl", line 182: Tcl 9 compatibility warning : [35m(Tcl_Size): Use `Tcl_CreateObjCommand2` for command creation[0m
File "vosk.tcl", line 191: [34mTcl_SetObjResult(interp, Tcl_NewStringObj("ok", -1));[0m
File "vosk.tcl", line 191: Tcl 9 compatibility warning : [35m(TIP 494): Use TCL_AUTO_LENGTH for string length.[0m
File "vosk.tcl", line 191: Tcl 9 compatibility warning : [35m(Tcl_Size): Tcl_NewStringObj (InParam)[0m
File "vosk.tcl", line 210: [34mTcl_WrongNumArgs(interp, 1, objv, "subcommand ?args?");[0m
File "vosk.tcl", line 210: Tcl 9 compatibility warning : [35m(Tcl_Size): Tcl_WrongNumArgs (InParam)[0m
File "vosk.tcl", line 229: [34mTcl_WrongNumArgs(interp, 2, objv, "audio_data");[0m
File "vosk.tcl", line 229: Tcl 9 compatibility warning : [35m(Tcl_Size): Tcl_WrongNumArgs (InParam)[0m
File "vosk.tcl", line 235: [34munsigned char *data = Tcl_GetByteArrayFromObj(objv[2], &length);[0m
File "vosk.tcl", line 235: Tcl 9 compatibility warning : [35m(TIP 568): Use `Tcl_GetBytesFromObj` and handle NULL results.[0m
File "vosk.tcl", line 235: Tcl 9 compatibility warning : [35m(TIP 568): Read the referenced TIP for the sordid details.[0m
File "vosk.tcl", line 235: Tcl 9 compatibility warning : [35m(TIP 568): Document the obligations of the script level.[0m
File "vosk.tcl", line 235: Tcl 9 compatibility warning : [35m(Tcl_Size): Tcl_GetByteArrayFromObj (OutParam)[0m
File "vosk.tcl", line 260: [34mTcl_SetObjResult(interp, Tcl_NewStringObj(json_result ? json_result : "", -1));[0m
File "vosk.tcl", line 260: Tcl 9 compatibility warning : [35m(TIP 494): Use TCL_AUTO_LENGTH for string length.[0m
File "vosk.tcl", line 260: Tcl 9 compatibility warning : [35m(Tcl_Size): Tcl_NewStringObj (InParam)[0m
File "vosk.tcl", line 265: [34mTcl_SetObjResult(interp, Tcl_NewStringObj(json_result ? json_result : "", -1));[0m
File "vosk.tcl", line 265: Tcl 9 compatibility warning : [35m(TIP 494): Use TCL_AUTO_LENGTH for string length.[0m
File "vosk.tcl", line 265: Tcl 9 compatibility warning : [35m(Tcl_Size): Tcl_NewStringObj (InParam)[0m
File "vosk.tcl", line 269: [34mTcl_SetObjResult(interp, Tcl_NewStringObj("ok", -1));[0m
File "vosk.tcl", line 269: Tcl 9 compatibility warning : [35m(TIP 494): Use TCL_AUTO_LENGTH for string length.[0m
File "vosk.tcl", line 269: Tcl 9 compatibility warning : [35m(Tcl_Size): Tcl_NewStringObj (InParam)[0m
File "vosk.tcl", line 297: [34mTcl_SetObjResult(interp, Tcl_NewStringObj("ok", -1));[0m
File "vosk.tcl", line 297: Tcl 9 compatibility warning : [35m(TIP 494): Use TCL_AUTO_LENGTH for string length.[0m
File "vosk.tcl", line 297: Tcl 9 compatibility warning : [35m(Tcl_Size): Tcl_NewStringObj (InParam)[0m
File "vosk.tcl", line 302: [34mTcl_DictObjPut(interp, dict, Tcl_NewStringObj("sample_rate", -1),[0m
File "vosk.tcl", line 302: Tcl 9 compatibility warning : [35m(TIP 494): Use TCL_AUTO_LENGTH for string length.[0m
File "vosk.tcl", line 302: Tcl 9 compatibility warning : [35m(Tcl_Size): Tcl_NewStringObj (InParam)[0m
File "vosk.tcl", line 304: [34mTcl_DictObjPut(interp, dict, Tcl_NewStringObj("beam", -1),[0m
File "vosk.tcl", line 304: Tcl 9 compatibility warning : [35m(TIP 494): Use TCL_AUTO_LENGTH for string length.[0m
File "vosk.tcl", line 304: Tcl 9 compatibility warning : [35m(Tcl_Size): Tcl_NewStringObj (InParam)[0m
File "vosk.tcl", line 305: [34mTcl_NewIntObj(ctx->beam));[0m
File "vosk.tcl", line 305: Tcl 9 compatibility warning : [35m(Tcl_Size): Tcl_NewIntObj, check if replacement Tcl_NewSizeIntObj is needed[0m
File "vosk.tcl", line 306: [34mTcl_DictObjPut(interp, dict, Tcl_NewStringObj("confidence_threshold", -1),[0m
File "vosk.tcl", line 306: Tcl 9 compatibility warning : [35m(TIP 494): Use TCL_AUTO_LENGTH for string length.[0m
File "vosk.tcl", line 306: Tcl 9 compatibility warning : [35m(Tcl_Size): Tcl_NewStringObj (InParam)[0m
File "vosk.tcl", line 308: [34mTcl_DictObjPut(interp, dict, Tcl_NewStringObj("max_alternatives", -1),[0m
File "vosk.tcl", line 308: Tcl 9 compatibility warning : [35m(TIP 494): Use TCL_AUTO_LENGTH for string length.[0m
File "vosk.tcl", line 308: Tcl 9 compatibility warning : [35m(Tcl_Size): Tcl_NewStringObj (InParam)[0m
File "vosk.tcl", line 309: [34mTcl_NewIntObj(ctx->max_alternatives));[0m
File "vosk.tcl", line 309: Tcl 9 compatibility warning : [35m(Tcl_Size): Tcl_NewIntObj, check if replacement Tcl_NewSizeIntObj is needed[0m
File "vosk.tcl", line 315: [34mTcl_SetObjResult(interp, Tcl_NewStringObj("ok", -1));[0m
File "vosk.tcl", line 315: Tcl 9 compatibility warning : [35m(TIP 494): Use TCL_AUTO_LENGTH for string length.[0m
File "vosk.tcl", line 315: Tcl 9 compatibility warning : [35m(Tcl_Size): Tcl_NewStringObj (InParam)[0m
File "vosk.tcl", line 370: [34mTcl_Obj *nameObj = Tcl_NewStringObj(namebuf, -1);[0m
File "vosk.tcl", line 370: Tcl 9 compatibility warning : [35m(TIP 494): Use TCL_AUTO_LENGTH for string length.[0m
File "vosk.tcl", line 370: Tcl 9 compatibility warning : [35m(Tcl_Size): Tcl_NewStringObj (InParam)[0m
File "vosk.tcl", line 375: [34mTcl_CreateObjCommand(interp, namebuf, ModelObjCmd, (ClientData)ctx, model_delete);[0m
File "vosk.tcl", line 375: Tcl 9 compatibility warning : [35m(Tcl_Size): Use `Tcl_CreateObjCommand2` for command creation[0m
File "critcl.tcl", line 1601: [34mTcl_CreateObjCommand(interp, "vosk::load_model", VoskLoadModelCmd, NULL, NULL);[0m
File "critcl.tcl", line 1601: Tcl 9 compatibility warning : [35m(Tcl_Size): Use `Tcl_CreateObjCommand2` for command creation[0m

Library:  vosk.so
  (tcl 8.6)
  (libraries:   -L/home/john/.local/lib)
  (libraries:   -lvosk)
  (libraries:   -lm)
  (libraries:   -lstdc++)
  Stubs:
    critcl-3.3.1/critcl_c/tcl8.6/tclDecls.h:
      (tclStubsPtr     =>  const TclStubs *tclStubsPtr;)
    critcl-3.3.1/critcl_c/tcl8.6/tclPlatDecls.h:
      (tclPlatStubsPtr =>  const TclPlatStubs *tclPlatStubsPtr;)

Package Placed Into: lib/vosk
Done

make[2]: Leaving directory '/home/john/src/talkie/tcl/vosk'
/usr/bin/make -C audio
make[2]: Entering directory '/home/john/src/talkie/tcl/audio'
critcl -pkg audio.tcl
Config:   linux-x86_64-gcc
Build:    linux-x86_64-gcc
Target:   linux-x86_64
Source:   audio.tcl
  (provide audio 1.0)
File "audio.tcl", line 48: [34munsigned char *data = Tcl_GetByteArrayFromObj(data_obj, &data_len);[0m
File "audio.tcl", line 48: Tcl 9 compatibility warning : [35m(TIP 568): Use `Tcl_GetBytesFromObj` and handle NULL results.[0m
File "audio.tcl", line 48: Tcl 9 compatibility warning : [35m(TIP 568): Read the referenced TIP for the sordid details.[0m
File "audio.tcl", line 48: Tcl 9 compatibility warning : [35m(TIP 568): Document the obligations of the script level.[0m
File "audio.tcl", line 48: Tcl 9 compatibility warning : [35m(Tcl_Size): Tcl_GetByteArrayFromObj (OutParam)[0m

Library:  audio.so
  (tcl 8.6)
  Stubs:
    critcl-3.3.1/critcl_c/tcl8.6/tclDecls.h:
      (tclStubsPtr     =>  const TclStubs *tclStubsPtr;)
    critcl-3.3.1/critcl_c/tcl8.6/tclPlatDecls.h:
      (tclPlatStubsPtr =>  const TclPlatStubs *tclPlatStubsPtr;)

Package Placed Into: lib/audio
Done

make[2]: Leaving directory '/home/john/src/talkie/tcl/audio'
/usr/bin/make -C uinput
make[2]: Entering directory '/home/john/src/talkie/tcl/uinput'
critcl -pkg uinput.tcl
Config:   linux-x86_64-gcc
Build:    linux-x86_64-gcc
Target:   linux-x86_64
Source:   uinput.tcl
  (provide uinput 1.0)


Warning  uinput.tcl:38:9: warning: ignoring return value of ‘write’ declared with attribute ‘warn_unused_result’ [-Wunused-result]

Library:  uinput.so
  (tcl 8.6)
  Stubs:
    critcl-3.3.1/critcl_c/tcl8.6/tclDecls.h:
      (tclStubsPtr     =>  const TclStubs *tclStubsPtr;)
    critcl-3.3.1/critcl_c/tcl8.6/tclPlatDecls.h:
      (tclPlatStubsPtr =>  const TclPlatStubs *tclPlatStubsPtr;)

Package Placed Into: lib/uinput
Done

make[2]: Leaving directory '/home/john/src/talkie/tcl/uinput'
make[1]: Leaving directory '/home/john/src/talkie/tcl'
