critcl -pkg vosk.tcl
Config:   linux-x86_64-gcc
Build:    linux-x86_64-gcc
Target:   linux-x86_64
Source:   vosk.tcl
  (provide vosk 1.0)
  (headers:     ~/.local/include/vosk_api.h)
  (libraries:   -L/home/john/.local/lib)
  (libraries:   -lvosk)
  (libraries:   -lm)
  (libraries:   -lstdc++)
File "vosk.tcl", line 49: [34mreturn Tcl_GetIntFromObj(interp, obj, value);[0m
File "vosk.tcl", line 49: Tcl 9 compatibility warning : [35m(Tcl_Size): Tcl_GetIntFromObj, check if replacement Tcl_GetSizeIntFromObj is needed[0m
File "vosk.tcl", line 99: [34mTcl_WrongNumArgs(interp, 1, objv, "subcommand ?args?");[0m
File "vosk.tcl", line 99: Tcl 9 compatibility warning : [35m(Tcl_Size): Tcl_WrongNumArgs (InParam)[0m
File "vosk.tcl", line 107: [34mTcl_DictObjPut(interp, dict, Tcl_NewStringObj("path", -1),[0m
File "vosk.tcl", line 107: Tcl 9 compatibility warning : [35m(TIP 494): Use TCL_AUTO_LENGTH for string length.[0m
File "vosk.tcl", line 107: Tcl 9 compatibility warning : [35m(Tcl_Size): Tcl_NewStringObj (InParam)[0m
File "vosk.tcl", line 108: [34mTcl_NewStringObj(ctx->model_path, -1));[0m
File "vosk.tcl", line 108: Tcl 9 compatibility warning : [35m(TIP 494): Use TCL_AUTO_LENGTH for string length.[0m
File "vosk.tcl", line 108: Tcl 9 compatibility warning : [35m(Tcl_Size): Tcl_NewStringObj (InParam)[0m
File "vosk.tcl", line 109: [34mTcl_DictObjPut(interp, dict, Tcl_NewStringObj("loaded", -1),[0m
File "vosk.tcl", line 109: Tcl 9 compatibility warning : [35m(TIP 494): Use TCL_AUTO_LENGTH for string length.[0m
File "vosk.tcl", line 109: Tcl 9 compatibility warning : [35m(Tcl_Size): Tcl_NewStringObj (InParam)[0m
File "vosk.tcl", line 177: [34mTcl_Obj *nameObj = Tcl_NewStringObj(namebuf, -1);[0m
File "vosk.tcl", line 177: Tcl 9 compatibility warning : [35m(TIP 494): Use TCL_AUTO_LENGTH for string length.[0m
File "vosk.tcl", line 177: Tcl 9 compatibility warning : [35m(Tcl_Size): Tcl_NewStringObj (InParam)[0m
File "vosk.tcl", line 182: [34mTcl_CreateObjCommand(interp, namebuf, RecognizerObjCmd,[0m
File "vosk.tcl", line 182: Tcl 9 compatibility warning : [35m(Tcl_Size): Use `Tcl_CreateObjCommand2` for command creation[0m
File "vosk.tcl", line 191: [34mTcl_SetObjResult(interp, Tcl_NewStringObj("ok", -1));[0m
File "vosk.tcl", line 191: Tcl 9 compatibility warning : [35m(TIP 494): Use TCL_AUTO_LENGTH for string length.[0m
File "vosk.tcl", line 191: Tcl 9 compatibility warning : [35m(Tcl_Size): Tcl_NewStringObj (InParam)[0m
File "vosk.tcl", line 210: [34mTcl_WrongNumArgs(interp, 1, objv, "subcommand ?args?");[0m
File "vosk.tcl", line 210: Tcl 9 compatibility warning : [35m(Tcl_Size): Tcl_WrongNumArgs (InParam)[0m
File "vosk.tcl", line 229: [34mTcl_WrongNumArgs(interp, 2, objv, "audio_data");[0m
File "vosk.tcl", line 229: Tcl 9 compatibility warning : [35m(Tcl_Size): Tcl_WrongNumArgs (InParam)[0m
File "vosk.tcl", line 235: [34munsigned char *data = Tcl_GetByteArrayFromObj(objv[2], &length);[0m
File "vosk.tcl", line 235: Tcl 9 compatibility warning : [35m(TIP 568): Use `Tcl_GetBytesFromObj` and handle NULL results.[0m
File "vosk.tcl", line 235: Tcl 9 compatibility warning : [35m(TIP 568): Read the referenced TIP for the sordid details.[0m
File "vosk.tcl", line 235: Tcl 9 compatibility warning : [35m(TIP 568): Document the obligations of the script level.[0m
File "vosk.tcl", line 235: Tcl 9 compatibility warning : [35m(Tcl_Size): Tcl_GetByteArrayFromObj (OutParam)[0m
File "vosk.tcl", line 260: [34mTcl_SetObjResult(interp, Tcl_NewStringObj(json_result ? json_result : "", -1));[0m
File "vosk.tcl", line 260: Tcl 9 compatibility warning : [35m(TIP 494): Use TCL_AUTO_LENGTH for string length.[0m
File "vosk.tcl", line 260: Tcl 9 compatibility warning : [35m(Tcl_Size): Tcl_NewStringObj (InParam)[0m
File "vosk.tcl", line 265: [34mTcl_SetObjResult(interp, Tcl_NewStringObj(json_result ? json_result : "", -1));[0m
File "vosk.tcl", line 265: Tcl 9 compatibility warning : [35m(TIP 494): Use TCL_AUTO_LENGTH for string length.[0m
File "vosk.tcl", line 265: Tcl 9 compatibility warning : [35m(Tcl_Size): Tcl_NewStringObj (InParam)[0m
File "vosk.tcl", line 269: [34mTcl_SetObjResult(interp, Tcl_NewStringObj("ok", -1));[0m
File "vosk.tcl", line 269: Tcl 9 compatibility warning : [35m(TIP 494): Use TCL_AUTO_LENGTH for string length.[0m
File "vosk.tcl", line 269: Tcl 9 compatibility warning : [35m(Tcl_Size): Tcl_NewStringObj (InParam)[0m
File "vosk.tcl", line 297: [34mTcl_SetObjResult(interp, Tcl_NewStringObj("ok", -1));[0m
File "vosk.tcl", line 297: Tcl 9 compatibility warning : [35m(TIP 494): Use TCL_AUTO_LENGTH for string length.[0m
File "vosk.tcl", line 297: Tcl 9 compatibility warning : [35m(Tcl_Size): Tcl_NewStringObj (InParam)[0m
File "vosk.tcl", line 302: [34mTcl_DictObjPut(interp, dict, Tcl_NewStringObj("sample_rate", -1),[0m
File "vosk.tcl", line 302: Tcl 9 compatibility warning : [35m(TIP 494): Use TCL_AUTO_LENGTH for string length.[0m
File "vosk.tcl", line 302: Tcl 9 compatibility warning : [35m(Tcl_Size): Tcl_NewStringObj (InParam)[0m
File "vosk.tcl", line 304: [34mTcl_DictObjPut(interp, dict, Tcl_NewStringObj("beam", -1),[0m
File "vosk.tcl", line 304: Tcl 9 compatibility warning : [35m(TIP 494): Use TCL_AUTO_LENGTH for string length.[0m
File "vosk.tcl", line 304: Tcl 9 compatibility warning : [35m(Tcl_Size): Tcl_NewStringObj (InParam)[0m
File "vosk.tcl", line 305: [34mTcl_NewIntObj(ctx->beam));[0m
File "vosk.tcl", line 305: Tcl 9 compatibility warning : [35m(Tcl_Size): Tcl_NewIntObj, check if replacement Tcl_NewSizeIntObj is needed[0m
File "vosk.tcl", line 306: [34mTcl_DictObjPut(interp, dict, Tcl_NewStringObj("confidence_threshold", -1),[0m
File "vosk.tcl", line 306: Tcl 9 compatibility warning : [35m(TIP 494): Use TCL_AUTO_LENGTH for string length.[0m
File "vosk.tcl", line 306: Tcl 9 compatibility warning : [35m(Tcl_Size): Tcl_NewStringObj (InParam)[0m
File "vosk.tcl", line 308: [34mTcl_DictObjPut(interp, dict, Tcl_NewStringObj("max_alternatives", -1),[0m
File "vosk.tcl", line 308: Tcl 9 compatibility warning : [35m(TIP 494): Use TCL_AUTO_LENGTH for string length.[0m
File "vosk.tcl", line 308: Tcl 9 compatibility warning : [35m(Tcl_Size): Tcl_NewStringObj (InParam)[0m
File "vosk.tcl", line 309: [34mTcl_NewIntObj(ctx->max_alternatives));[0m
File "vosk.tcl", line 309: Tcl 9 compatibility warning : [35m(Tcl_Size): Tcl_NewIntObj, check if replacement Tcl_NewSizeIntObj is needed[0m
File "vosk.tcl", line 315: [34mTcl_SetObjResult(interp, Tcl_NewStringObj("ok", -1));[0m
File "vosk.tcl", line 315: Tcl 9 compatibility warning : [35m(TIP 494): Use TCL_AUTO_LENGTH for string length.[0m
File "vosk.tcl", line 315: Tcl 9 compatibility warning : [35m(Tcl_Size): Tcl_NewStringObj (InParam)[0m
File "vosk.tcl", line 370: [34mTcl_Obj *nameObj = Tcl_NewStringObj(namebuf, -1);[0m
File "vosk.tcl", line 370: Tcl 9 compatibility warning : [35m(TIP 494): Use TCL_AUTO_LENGTH for string length.[0m
File "vosk.tcl", line 370: Tcl 9 compatibility warning : [35m(Tcl_Size): Tcl_NewStringObj (InParam)[0m
File "vosk.tcl", line 375: [34mTcl_CreateObjCommand(interp, namebuf, ModelObjCmd, (ClientData)ctx, model_delete);[0m
File "vosk.tcl", line 375: Tcl 9 compatibility warning : [35m(Tcl_Size): Use `Tcl_CreateObjCommand2` for command creation[0m
File "critcl.tcl", line 1601: [34mTcl_CreateObjCommand(interp, "vosk::load_model", VoskLoadModelCmd, NULL, NULL);[0m
File "critcl.tcl", line 1601: Tcl 9 compatibility warning : [35m(Tcl_Size): Use `Tcl_CreateObjCommand2` for command creation[0m

Library:  vosk.so
  (tcl 8.6)
  (libraries:   -L/home/john/.local/lib)
  (libraries:   -lvosk)
  (libraries:   -lm)
  (libraries:   -lstdc++)
  Stubs:
    critcl-3.3.1/critcl_c/tcl8.6/tclDecls.h:
      (tclStubsPtr     =>  const TclStubs *tclStubsPtr;)
    critcl-3.3.1/critcl_c/tcl8.6/tclPlatDecls.h:
      (tclPlatStubsPtr =>  const TclPlatStubs *tclPlatStubsPtr;)

Package Placed Into: lib/vosk
Done

